<?xml version="1.0" encoding="UTF-8"?>
<!-- Generated by org.testng.reporters.JUnitReportReporter -->
<testsuite skipped="0" hostname="DESKTOP-OFC8VFN" name="com.qa.flipkart.tests_smoke.LoginPageTest" tests="1" failures="0" timestamp="15 May 2020 16:57:07 GMT" time="14.600" errors="0">
  <testcase name="login" time="14.600" classname="com.qa.flipkart.tests_smoke.LoginPageTest"/>
</testsuite> <!-- com.qa.flipkart.tests_smoke.LoginPageTest -->
