<?xml version="1.0" encoding="UTF-8"?>
<!-- Generated by org.testng.reporters.JUnitReportReporter -->
<testsuite skipped="0" hostname="DESKTOP-OFC8VFN" name="com.qa.flipkart.tests.GroceryPageTest" tests="1" failures="0" timestamp="23 Apr 2020 08:51:36 GMT" time="22.024" errors="0">
  <testcase name="verifyTitle" time="22.024" classname="com.qa.flipkart.tests.GroceryPageTest"/>
</testsuite> <!-- com.qa.flipkart.tests.GroceryPageTest -->
