<?xml version="1.0" encoding="UTF-8"?>
<!-- Generated by org.testng.reporters.JUnitReportReporter -->
<testsuite skipped="3" hostname="DESKTOP-OFC8VFN" name="com.qa.flipkart.tests.HomePageTest" tests="10" failures="0" timestamp="23 Apr 2020 08:51:36 GMT" time="151.277" errors="0">
  <testcase name="clickOnSearchBar" time="17.329" classname="com.qa.flipkart.tests.HomePageTest">
    <skipped/>
  </testcase> <!-- clickOnSearchBar -->
  <testcase name="verifySubMenuBarListTest" time="13.838" classname="com.qa.flipkart.tests.HomePageTest">
    <skipped/>
  </testcase> <!-- verifySubMenuBarListTest -->
  <testcase name="selectItem" time="13.808" classname="com.qa.flipkart.tests.HomePageTest"/>
  <testcase name="verifyHomePageTitle" time="14.195" classname="com.qa.flipkart.tests.HomePageTest"/>
  <testcase name="doLogout" time="16.081" classname="com.qa.flipkart.tests.HomePageTest"/>
  <testcase name="clickOnSearchBar" time="20.728" classname="com.qa.flipkart.tests.HomePageTest">
    <skipped/>
  </testcase> <!-- clickOnSearchBar -->
  <testcase name="clickOnSearchBar" time="13.310" classname="com.qa.flipkart.tests.HomePageTest"/>
  <testcase name="verifyAppUrl" time="9.808" classname="com.qa.flipkart.tests.HomePageTest"/>
  <testcase name="getMenuBarList" time="15.410" classname="com.qa.flipkart.tests.HomePageTest"/>
  <testcase name="verifySubMenuBarListTest" time="16.770" classname="com.qa.flipkart.tests.HomePageTest"/>
</testsuite> <!-- com.qa.flipkart.tests.HomePageTest -->
