<?xml version="1.0" encoding="UTF-8"?>
<!-- Generated by org.testng.reporters.JUnitReportReporter -->
<testsuite skipped="0" hostname="DESKTOP-OFC8VFN" name="com.qa.flipkart.tests_regression.LoginPageTest" tests="7" failures="0" timestamp="15 May 2020 09:30:59 GMT" time="88.159" errors="0">
  <testcase name="loginForgotPassResendOTPTest" time="12.655" classname="com.qa.flipkart.tests_regression.LoginPageTest"/>
  <testcase name="loginValidTest" time="11.892" classname="com.qa.flipkart.tests_regression.LoginPageTest"/>
  <testcase name="LoginValidUsernameBlankPassTest" time="12.201" classname="com.qa.flipkart.tests_regression.LoginPageTest"/>
  <testcase name="loginInValidUsernameTest" time="11.878" classname="com.qa.flipkart.tests_regression.LoginPageTest"/>
  <testcase name="loginValidUsernameAndInvalidPassTest" time="12.765" classname="com.qa.flipkart.tests_regression.LoginPageTest"/>
  <testcase name="loginInValidPassTest" time="13.648" classname="com.qa.flipkart.tests_regression.LoginPageTest"/>
  <testcase name="loginForgotPassChangeEmailTest" time="13.120" classname="com.qa.flipkart.tests_regression.LoginPageTest"/>
</testsuite> <!-- com.qa.flipkart.tests_regression.LoginPageTest -->
