<?xml version="1.0" encoding="UTF-8"?>
<!-- Generated by org.testng.reporters.JUnitReportReporter -->
<testsuite skipped="0" hostname="DESKTOP-OFC8VFN" name="com.qa.flipkart.tests.MyProfilePageTest" tests="7" failures="0" timestamp="23 Apr 2020 08:51:36 GMT" time="129.650" errors="0">
  <testcase name="clickOnManageAddressesLinkTest" time="14.938" classname="com.qa.flipkart.tests.MyProfilePageTest"/>
  <testcase name="addAddressTest" time="21.861" classname="com.qa.flipkart.tests.MyProfilePageTest"/>
  <testcase name="verifyClickOnEditEmailAddLnk" time="23.574" classname="com.qa.flipkart.tests.MyProfilePageTest"/>
  <testcase name="verifyMyProfilePageTitleTest" time="16.417" classname="com.qa.flipkart.tests.MyProfilePageTest"/>
  <testcase name="verifyPersonalInfoclickOnEdit" time="17.756" classname="com.qa.flipkart.tests.MyProfilePageTest"/>
  <testcase name="enterLastNameTest" time="19.819" classname="com.qa.flipkart.tests.MyProfilePageTest"/>
  <testcase name="enterFirstNameTest" time="15.285" classname="com.qa.flipkart.tests.MyProfilePageTest"/>
</testsuite> <!-- com.qa.flipkart.tests.MyProfilePageTest -->
